[16:20:03.535] Global cache location '/home/eko/.cache/typescript/4.7', safe file path '/usr/lib/node_modules/typescript/lib/typingSafeList.json', types map path /usr/lib/node_modules/typescript/lib/typesMap.json
[16:20:03.535] Processing cache location '/home/eko/.cache/typescript/4.7'
[16:20:03.535] Trying to find '/home/eko/.cache/typescript/4.7/package.json'...
[16:20:03.568] Loaded content of '/home/eko/.cache/typescript/4.7/package.json': {"private":true,"dependencies":{"types-registry":"^0.1.596"}}
[16:20:03.568] Loaded content of '/home/eko/.cache/typescript/4.7/package-lock.json'
[16:20:03.568] Finished processing cache location '/home/eko/.cache/typescript/4.7'
[16:20:03.568] Process id: 3775548
[16:20:03.569] NPM location: /usr/bin/npm (explicit '--npmLocation' not  provided)
[16:20:03.569] validateDefaultNpmLocation: false
[16:20:03.569] Npm config file: /home/eko/.cache/typescript/4.7/package.json
[16:20:03.569] Updating types-registry npm package...
[16:20:03.569] Exec: /usr/bin/npm install --ignore-scripts types-registry@latest
[16:20:04.446]     Succeeded. stdout:
    
    up to date, audited 2 packages in 695ms

found 0 vulnerabilities

[16:20:04.446] Updated types-registry npm package
[16:20:06.823] Got install request {"projectName":"/dev/null/inferredProject1*","fileNames":["/usr/lib/node_modules/typescript/lib/lib.es5.d.ts","/usr/lib/node_modules/typescript/lib/lib.es2015.d.ts","/usr/lib/node_modules/typescript/lib/lib.es2016.d.ts","/usr/lib/node_modules/typescript/lib/lib.dom.d.ts","/usr/lib/node_modules/typescript/lib/lib.dom.iterable.d.ts","/usr/lib/node_modules/typescript/lib/lib.webworker.importscripts.d.ts","/usr/lib/node_modules/typescript/lib/lib.scripthost.d.ts","/usr/lib/node_modules/typescript/lib/lib.es2015.core.d.ts","/usr/lib/node_modules/typescript/lib/lib.es2015.collection.d.ts","/usr/lib/node_modules/typescript/lib/lib.es2015.generator.d.ts","/usr/lib/node_modules/typescript/lib/lib.es2015.iterable.d.ts","/usr/lib/node_modules/typescript/lib/lib.es2015.promise.d.ts","/usr/lib/node_modules/typescript/lib/lib.es2015.proxy.d.ts","/usr/lib/node_modules/typescript/lib/lib.es2015.reflect.d.ts","/usr/lib/node_modules/typescript/lib/lib.es2015.symbol.d.ts","/usr/lib/node_modules/typescript/lib/lib.es2015.symbol.wellknown.d.ts","/usr/lib/node_modules/typescript/lib/lib.es2016.array.include.d.ts","/usr/lib/node_modules/typescript/lib/lib.es2016.full.d.ts","/home/eko/code/321autopflege/src/components/Footer.js"],"compilerOptions":{"module":1,"target":3,"jsx":1,"allowJs":true,"allowSyntheticDefaultImports":true,"allowNonTsExtensions":true,"noEmitForJsFiles":true,"maxNodeModuleJsDepth":2},"typeAcquisition":{"enable":true,"include":[],"exclude":[]},"unresolvedImports":[],"projectRootPath":"/home/eko/code/321autopflege/src/components","kind":"discover"}
[16:20:06.847] Loaded safelist from types map file '/usr/lib/node_modules/typescript/lib/typesMap.json'
[16:20:06.848] Explicitly included types: []
[16:20:06.849] Inferred typings from unresolved imports: []
[16:20:06.849] Result: {"cachedTypingPaths":[],"newTypingNames":[],"filesToWatch":["/home/eko/code/321autopflege/src/components/bower_components","/home/eko/code/321autopflege/src/components/node_modules"]}
[16:20:06.850] Finished typings discovery: {"cachedTypingPaths":[],"newTypingNames":[],"filesToWatch":["/home/eko/code/321autopflege/src/components/bower_components","/home/eko/code/321autopflege/src/components/node_modules"]}
[16:20:06.851] DirectoryWatcher:: Added:: WatchInfo: /home/eko/code/321autopflege/src/components/bower_components
[16:20:06.851] DirectoryWatcher:: Added:: WatchInfo: /home/eko/code/321autopflege/src/components/bower_components 1 undefined Project: /dev/null/inferredProject1* watcher already invoked: false
[16:20:06.854] Elapsed:: 2.346714973449707ms DirectoryWatcher:: Added:: WatchInfo: /home/eko/code/321autopflege/src/components/bower_components 1 undefined Project: /dev/null/inferredProject1* watcher already invoked: false
[16:20:06.854] DirectoryWatcher:: Added:: WatchInfo: /home/eko/code/321autopflege/src/components/node_modules
[16:20:06.854] DirectoryWatcher:: Added:: WatchInfo: /home/eko/code/321autopflege/src/components/node_modules 1 undefined Project: /dev/null/inferredProject1* watcher already invoked: false
[16:20:06.854] Elapsed:: 0.13220000267028809ms DirectoryWatcher:: Added:: WatchInfo: /home/eko/code/321autopflege/src/components/node_modules 1 undefined Project: /dev/null/inferredProject1* watcher already invoked: false
[16:20:06.854] Sending response:
    {"projectName":"/dev/null/inferredProject1*","typeAcquisition":{"enable":true,"include":[],"exclude":[]},"compilerOptions":{"module":1,"target":3,"jsx":1,"allowJs":true,"allowSyntheticDefaultImports":true,"allowNonTsExtensions":true,"noEmitForJsFiles":true,"maxNodeModuleJsDepth":2},"typings":[],"unresolvedImports":[],"kind":"action::set"}
[16:20:06.855] Response has been sent.
[16:20:06.855] No new typings were requested as a result of typings discovery
[16:24:03.891] Got install request {"projectName":"/dev/null/inferredProject1*","fileNames":["/usr/lib/node_modules/typescript/lib/lib.es5.d.ts","/usr/lib/node_modules/typescript/lib/lib.es2015.d.ts","/usr/lib/node_modules/typescript/lib/lib.es2016.d.ts","/usr/lib/node_modules/typescript/lib/lib.dom.d.ts","/usr/lib/node_modules/typescript/lib/lib.dom.iterable.d.ts","/usr/lib/node_modules/typescript/lib/lib.webworker.importscripts.d.ts","/usr/lib/node_modules/typescript/lib/lib.scripthost.d.ts","/usr/lib/node_modules/typescript/lib/lib.es2015.core.d.ts","/usr/lib/node_modules/typescript/lib/lib.es2015.collection.d.ts","/usr/lib/node_modules/typescript/lib/lib.es2015.generator.d.ts","/usr/lib/node_modules/typescript/lib/lib.es2015.iterable.d.ts","/usr/lib/node_modules/typescript/lib/lib.es2015.promise.d.ts","/usr/lib/node_modules/typescript/lib/lib.es2015.proxy.d.ts","/usr/lib/node_modules/typescript/lib/lib.es2015.reflect.d.ts","/usr/lib/node_modules/typescript/lib/lib.es2015.symbol.d.ts","/usr/lib/node_modules/typescript/lib/lib.es2015.symbol.wellknown.d.ts","/usr/lib/node_modules/typescript/lib/lib.es2016.array.include.d.ts","/usr/lib/node_modules/typescript/lib/lib.es2016.full.d.ts","/home/eko/code/321autopflege/src/components/Footer.js"],"compilerOptions":{"module":1,"target":3,"jsx":1,"allowJs":true,"allowSyntheticDefaultImports":true,"allowNonTsExtensions":true,"noEmitForJsFiles":true,"maxNodeModuleJsDepth":2},"typeAcquisition":{"enable":true,"include":[],"exclude":[]},"unresolvedImports":["@fortawesome/free--svg-icons"],"projectRootPath":"/home/eko/code/321autopflege/src/components","kind":"discover"}
[16:24:03.891] Explicitly included types: []
[16:24:03.892] Inferred typings from unresolved imports: ["@fortawesome/free--svg-icons"]
[16:24:03.892] Result: {"cachedTypingPaths":[],"newTypingNames":["@fortawesome/free--svg-icons"],"filesToWatch":["/home/eko/code/321autopflege/src/components/bower_components","/home/eko/code/321autopflege/src/components/node_modules"]}
[16:24:03.892] Finished typings discovery: {"cachedTypingPaths":[],"newTypingNames":["@fortawesome/free--svg-icons"],"filesToWatch":["/home/eko/code/321autopflege/src/components/bower_components","/home/eko/code/321autopflege/src/components/node_modules"]}
[16:24:03.892] Installing typings ["@fortawesome/free--svg-icons"]
[16:24:03.893] '@fortawesome/free--svg-icons':: Entry for package 'fortawesome__free--svg-icons' does not exist in local types registry - skipping...
[16:24:03.893] All typings are known to be missing or invalid - no need to install more typings
[16:24:03.893] Sending response:
    {"projectName":"/dev/null/inferredProject1*","typeAcquisition":{"enable":true,"include":[],"exclude":[]},"compilerOptions":{"module":1,"target":3,"jsx":1,"allowJs":true,"allowSyntheticDefaultImports":true,"allowNonTsExtensions":true,"noEmitForJsFiles":true,"maxNodeModuleJsDepth":2},"typings":[],"unresolvedImports":["@fortawesome/free--svg-icons"],"kind":"action::set"}
[16:24:03.893] Response has been sent.
[16:24:07.374] Got install request {"projectName":"/dev/null/inferredProject1*","fileNames":["/usr/lib/node_modules/typescript/lib/lib.es5.d.ts","/usr/lib/node_modules/typescript/lib/lib.es2015.d.ts","/usr/lib/node_modules/typescript/lib/lib.es2016.d.ts","/usr/lib/node_modules/typescript/lib/lib.dom.d.ts","/usr/lib/node_modules/typescript/lib/lib.dom.iterable.d.ts","/usr/lib/node_modules/typescript/lib/lib.webworker.importscripts.d.ts","/usr/lib/node_modules/typescript/lib/lib.scripthost.d.ts","/usr/lib/node_modules/typescript/lib/lib.es2015.core.d.ts","/usr/lib/node_modules/typescript/lib/lib.es2015.collection.d.ts","/usr/lib/node_modules/typescript/lib/lib.es2015.generator.d.ts","/usr/lib/node_modules/typescript/lib/lib.es2015.iterable.d.ts","/usr/lib/node_modules/typescript/lib/lib.es2015.promise.d.ts","/usr/lib/node_modules/typescript/lib/lib.es2015.proxy.d.ts","/usr/lib/node_modules/typescript/lib/lib.es2015.reflect.d.ts","/usr/lib/node_modules/typescript/lib/lib.es2015.symbol.d.ts","/usr/lib/node_modules/typescript/lib/lib.es2015.symbol.wellknown.d.ts","/usr/lib/node_modules/typescript/lib/lib.es2016.array.include.d.ts","/usr/lib/node_modules/typescript/lib/lib.es2016.full.d.ts","/home/eko/code/321autopflege/src/components/Footer.js"],"compilerOptions":{"module":1,"target":3,"jsx":1,"allowJs":true,"allowSyntheticDefaultImports":true,"allowNonTsExtensions":true,"noEmitForJsFiles":true,"maxNodeModuleJsDepth":2},"typeAcquisition":{"enable":true,"include":[],"exclude":[]},"unresolvedImports":["@fortawesome/--svg-icons"],"projectRootPath":"/home/eko/code/321autopflege/src/components","kind":"discover"}
[16:24:07.374] Explicitly included types: []
[16:24:07.375] Inferred typings from unresolved imports: ["@fortawesome/--svg-icons"]
[16:24:07.375] Result: {"cachedTypingPaths":[],"newTypingNames":["@fortawesome/--svg-icons"],"filesToWatch":["/home/eko/code/321autopflege/src/components/bower_components","/home/eko/code/321autopflege/src/components/node_modules"]}
[16:24:07.375] Finished typings discovery: {"cachedTypingPaths":[],"newTypingNames":["@fortawesome/--svg-icons"],"filesToWatch":["/home/eko/code/321autopflege/src/components/bower_components","/home/eko/code/321autopflege/src/components/node_modules"]}
[16:24:07.375] Installing typings ["@fortawesome/--svg-icons"]
[16:24:07.375] '@fortawesome/--svg-icons':: Entry for package 'fortawesome__--svg-icons' does not exist in local types registry - skipping...
[16:24:07.375] All typings are known to be missing or invalid - no need to install more typings
[16:24:07.375] Sending response:
    {"projectName":"/dev/null/inferredProject1*","typeAcquisition":{"enable":true,"include":[],"exclude":[]},"compilerOptions":{"module":1,"target":3,"jsx":1,"allowJs":true,"allowSyntheticDefaultImports":true,"allowNonTsExtensions":true,"noEmitForJsFiles":true,"maxNodeModuleJsDepth":2},"typings":[],"unresolvedImports":["@fortawesome/--svg-icons"],"kind":"action::set"}
[16:24:07.375] Response has been sent.
[16:24:07.532] Got install request {"projectName":"/dev/null/inferredProject1*","fileNames":["/usr/lib/node_modules/typescript/lib/lib.es5.d.ts","/usr/lib/node_modules/typescript/lib/lib.es2015.d.ts","/usr/lib/node_modules/typescript/lib/lib.es2016.d.ts","/usr/lib/node_modules/typescript/lib/lib.dom.d.ts","/usr/lib/node_modules/typescript/lib/lib.dom.iterable.d.ts","/usr/lib/node_modules/typescript/lib/lib.webworker.importscripts.d.ts","/usr/lib/node_modules/typescript/lib/lib.scripthost.d.ts","/usr/lib/node_modules/typescript/lib/lib.es2015.core.d.ts","/usr/lib/node_modules/typescript/lib/lib.es2015.collection.d.ts","/usr/lib/node_modules/typescript/lib/lib.es2015.generator.d.ts","/usr/lib/node_modules/typescript/lib/lib.es2015.iterable.d.ts","/usr/lib/node_modules/typescript/lib/lib.es2015.promise.d.ts","/usr/lib/node_modules/typescript/lib/lib.es2015.proxy.d.ts","/usr/lib/node_modules/typescript/lib/lib.es2015.reflect.d.ts","/usr/lib/node_modules/typescript/lib/lib.es2015.symbol.d.ts","/usr/lib/node_modules/typescript/lib/lib.es2015.symbol.wellknown.d.ts","/usr/lib/node_modules/typescript/lib/lib.es2016.array.include.d.ts","/usr/lib/node_modules/typescript/lib/lib.es2016.full.d.ts","/home/eko/code/321autopflege/src/components/Footer.js"],"compilerOptions":{"module":1,"target":3,"jsx":1,"allowJs":true,"allowSyntheticDefaultImports":true,"allowNonTsExtensions":true,"noEmitForJsFiles":true,"maxNodeModuleJsDepth":2},"typeAcquisition":{"enable":true,"include":[],"exclude":[]},"unresolvedImports":["@fortawesome/svg-icons"],"projectRootPath":"/home/eko/code/321autopflege/src/components","kind":"discover"}
[16:24:07.532] Explicitly included types: []
[16:24:07.532] Inferred typings from unresolved imports: ["@fortawesome/svg-icons"]
[16:24:07.532] Result: {"cachedTypingPaths":[],"newTypingNames":["@fortawesome/svg-icons"],"filesToWatch":["/home/eko/code/321autopflege/src/components/bower_components","/home/eko/code/321autopflege/src/components/node_modules"]}
[16:24:07.532] Finished typings discovery: {"cachedTypingPaths":[],"newTypingNames":["@fortawesome/svg-icons"],"filesToWatch":["/home/eko/code/321autopflege/src/components/bower_components","/home/eko/code/321autopflege/src/components/node_modules"]}
[16:24:07.532] Installing typings ["@fortawesome/svg-icons"]
[16:24:07.533] '@fortawesome/svg-icons':: Entry for package 'fortawesome__svg-icons' does not exist in local types registry - skipping...
[16:24:07.533] All typings are known to be missing or invalid - no need to install more typings
[16:24:07.533] Sending response:
    {"projectName":"/dev/null/inferredProject1*","typeAcquisition":{"enable":true,"include":[],"exclude":[]},"compilerOptions":{"module":1,"target":3,"jsx":1,"allowJs":true,"allowSyntheticDefaultImports":true,"allowNonTsExtensions":true,"noEmitForJsFiles":true,"maxNodeModuleJsDepth":2},"typings":[],"unresolvedImports":["@fortawesome/svg-icons"],"kind":"action::set"}
[16:24:07.533] Response has been sent.
[16:24:08.011] Got install request {"projectName":"/dev/null/inferredProject1*","fileNames":["/usr/lib/node_modules/typescript/lib/lib.es5.d.ts","/usr/lib/node_modules/typescript/lib/lib.es2015.d.ts","/usr/lib/node_modules/typescript/lib/lib.es2016.d.ts","/usr/lib/node_modules/typescript/lib/lib.dom.d.ts","/usr/lib/node_modules/typescript/lib/lib.dom.iterable.d.ts","/usr/lib/node_modules/typescript/lib/lib.webworker.importscripts.d.ts","/usr/lib/node_modules/typescript/lib/lib.scripthost.d.ts","/usr/lib/node_modules/typescript/lib/lib.es2015.core.d.ts","/usr/lib/node_modules/typescript/lib/lib.es2015.collection.d.ts","/usr/lib/node_modules/typescript/lib/lib.es2015.generator.d.ts","/usr/lib/node_modules/typescript/lib/lib.es2015.iterable.d.ts","/usr/lib/node_modules/typescript/lib/lib.es2015.promise.d.ts","/usr/lib/node_modules/typescript/lib/lib.es2015.proxy.d.ts","/usr/lib/node_modules/typescript/lib/lib.es2015.reflect.d.ts","/usr/lib/node_modules/typescript/lib/lib.es2015.symbol.d.ts","/usr/lib/node_modules/typescript/lib/lib.es2015.symbol.wellknown.d.ts","/usr/lib/node_modules/typescript/lib/lib.es2016.array.include.d.ts","/usr/lib/node_modules/typescript/lib/lib.es2016.full.d.ts","/home/eko/code/321autopflege/src/components/Footer.js"],"compilerOptions":{"module":1,"target":3,"jsx":1,"allowJs":true,"allowSyntheticDefaultImports":true,"allowNonTsExtensions":true,"noEmitForJsFiles":true,"maxNodeModuleJsDepth":2},"typeAcquisition":{"enable":true,"include":[],"exclude":[]},"unresolvedImports":["@fortawesome/-icons"],"projectRootPath":"/home/eko/code/321autopflege/src/components","kind":"discover"}
[16:24:08.012] Explicitly included types: []
[16:24:08.012] Inferred typings from unresolved imports: ["@fortawesome/-icons"]
[16:24:08.012] Result: {"cachedTypingPaths":[],"newTypingNames":["@fortawesome/-icons"],"filesToWatch":["/home/eko/code/321autopflege/src/components/bower_components","/home/eko/code/321autopflege/src/components/node_modules"]}
[16:24:08.012] Finished typings discovery: {"cachedTypingPaths":[],"newTypingNames":["@fortawesome/-icons"],"filesToWatch":["/home/eko/code/321autopflege/src/components/bower_components","/home/eko/code/321autopflege/src/components/node_modules"]}
[16:24:08.012] Installing typings ["@fortawesome/-icons"]
[16:24:08.012] '@fortawesome/-icons':: Entry for package 'fortawesome__-icons' does not exist in local types registry - skipping...
[16:24:08.012] All typings are known to be missing or invalid - no need to install more typings
[16:24:08.012] Sending response:
    {"projectName":"/dev/null/inferredProject1*","typeAcquisition":{"enable":true,"include":[],"exclude":[]},"compilerOptions":{"module":1,"target":3,"jsx":1,"allowJs":true,"allowSyntheticDefaultImports":true,"allowNonTsExtensions":true,"noEmitForJsFiles":true,"maxNodeModuleJsDepth":2},"typings":[],"unresolvedImports":["@fortawesome/-icons"],"kind":"action::set"}
[16:24:08.012] Response has been sent.
[16:24:08.576] Got install request {"projectName":"/dev/null/inferredProject1*","fileNames":["/usr/lib/node_modules/typescript/lib/lib.es5.d.ts","/usr/lib/node_modules/typescript/lib/lib.es2015.d.ts","/usr/lib/node_modules/typescript/lib/lib.es2016.d.ts","/usr/lib/node_modules/typescript/lib/lib.dom.d.ts","/usr/lib/node_modules/typescript/lib/lib.dom.iterable.d.ts","/usr/lib/node_modules/typescript/lib/lib.webworker.importscripts.d.ts","/usr/lib/node_modules/typescript/lib/lib.scripthost.d.ts","/usr/lib/node_modules/typescript/lib/lib.es2015.core.d.ts","/usr/lib/node_modules/typescript/lib/lib.es2015.collection.d.ts","/usr/lib/node_modules/typescript/lib/lib.es2015.generator.d.ts","/usr/lib/node_modules/typescript/lib/lib.es2015.iterable.d.ts","/usr/lib/node_modules/typescript/lib/lib.es2015.promise.d.ts","/usr/lib/node_modules/typescript/lib/lib.es2015.proxy.d.ts","/usr/lib/node_modules/typescript/lib/lib.es2015.reflect.d.ts","/usr/lib/node_modules/typescript/lib/lib.es2015.symbol.d.ts","/usr/lib/node_modules/typescript/lib/lib.es2015.symbol.wellknown.d.ts","/usr/lib/node_modules/typescript/lib/lib.es2016.array.include.d.ts","/usr/lib/node_modules/typescript/lib/lib.es2016.full.d.ts","/home/eko/code/321autopflege/src/components/Footer.js"],"compilerOptions":{"module":1,"target":3,"jsx":1,"allowJs":true,"allowSyntheticDefaultImports":true,"allowNonTsExtensions":true,"noEmitForJsFiles":true,"maxNodeModuleJsDepth":2},"typeAcquisition":{"enable":true,"include":[],"exclude":[]},"unresolvedImports":["@fortawesome/icons"],"projectRootPath":"/home/eko/code/321autopflege/src/components","kind":"discover"}
[16:24:08.576] Explicitly included types: []
[16:24:08.577] Inferred typings from unresolved imports: ["@fortawesome/icons"]
[16:24:08.577] Result: {"cachedTypingPaths":[],"newTypingNames":["@fortawesome/icons"],"filesToWatch":["/home/eko/code/321autopflege/src/components/bower_components","/home/eko/code/321autopflege/src/components/node_modules"]}
[16:24:08.577] Finished typings discovery: {"cachedTypingPaths":[],"newTypingNames":["@fortawesome/icons"],"filesToWatch":["/home/eko/code/321autopflege/src/components/bower_components","/home/eko/code/321autopflege/src/components/node_modules"]}
[16:24:08.577] Installing typings ["@fortawesome/icons"]
[16:24:08.577] '@fortawesome/icons':: Entry for package 'fortawesome__icons' does not exist in local types registry - skipping...
[16:24:08.577] All typings are known to be missing or invalid - no need to install more typings
[16:24:08.577] Sending response:
    {"projectName":"/dev/null/inferredProject1*","typeAcquisition":{"enable":true,"include":[],"exclude":[]},"compilerOptions":{"module":1,"target":3,"jsx":1,"allowJs":true,"allowSyntheticDefaultImports":true,"allowNonTsExtensions":true,"noEmitForJsFiles":true,"maxNodeModuleJsDepth":2},"typings":[],"unresolvedImports":["@fortawesome/icons"],"kind":"action::set"}
[16:24:08.577] Response has been sent.
[16:24:08.737] Got install request {"projectName":"/dev/null/inferredProject1*","fileNames":["/usr/lib/node_modules/typescript/lib/lib.es5.d.ts","/usr/lib/node_modules/typescript/lib/lib.es2015.d.ts","/usr/lib/node_modules/typescript/lib/lib.es2016.d.ts","/usr/lib/node_modules/typescript/lib/lib.dom.d.ts","/usr/lib/node_modules/typescript/lib/lib.dom.iterable.d.ts","/usr/lib/node_modules/typescript/lib/lib.webworker.importscripts.d.ts","/usr/lib/node_modules/typescript/lib/lib.scripthost.d.ts","/usr/lib/node_modules/typescript/lib/lib.es2015.core.d.ts","/usr/lib/node_modules/typescript/lib/lib.es2015.collection.d.ts","/usr/lib/node_modules/typescript/lib/lib.es2015.generator.d.ts","/usr/lib/node_modules/typescript/lib/lib.es2015.iterable.d.ts","/usr/lib/node_modules/typescript/lib/lib.es2015.promise.d.ts","/usr/lib/node_modules/typescript/lib/lib.es2015.proxy.d.ts","/usr/lib/node_modules/typescript/lib/lib.es2015.reflect.d.ts","/usr/lib/node_modules/typescript/lib/lib.es2015.symbol.d.ts","/usr/lib/node_modules/typescript/lib/lib.es2015.symbol.wellknown.d.ts","/usr/lib/node_modules/typescript/lib/lib.es2016.array.include.d.ts","/usr/lib/node_modules/typescript/lib/lib.es2016.full.d.ts","/home/eko/code/321autopflege/src/components/Footer.js"],"compilerOptions":{"module":1,"target":3,"jsx":1,"allowJs":true,"allowSyntheticDefaultImports":true,"allowNonTsExtensions":true,"noEmitForJsFiles":true,"maxNodeModuleJsDepth":2},"typeAcquisition":{"enable":true,"include":[],"exclude":[]},"unresolvedImports":["@fortawesome/"],"projectRootPath":"/home/eko/code/321autopflege/src/components","kind":"discover"}
[16:24:08.737] Explicitly included types: []
[16:24:08.737] Inferred typings from unresolved imports: ["@fortawesome/"]
[16:24:08.737] Result: {"cachedTypingPaths":[],"newTypingNames":["@fortawesome/"],"filesToWatch":["/home/eko/code/321autopflege/src/components/bower_components","/home/eko/code/321autopflege/src/components/node_modules"]}
[16:24:08.737] Finished typings discovery: {"cachedTypingPaths":[],"newTypingNames":["@fortawesome/"],"filesToWatch":["/home/eko/code/321autopflege/src/components/bower_components","/home/eko/code/321autopflege/src/components/node_modules"]}
[16:24:08.737] Installing typings ["@fortawesome/"]
[16:24:08.737] '@fortawesome/':: Package name '@fortawesome/' contains non URI safe characters
[16:24:08.737] All typings are known to be missing or invalid - no need to install more typings
[16:24:08.737] Sending response:
    {"projectName":"/dev/null/inferredProject1*","typeAcquisition":{"enable":true,"include":[],"exclude":[]},"compilerOptions":{"module":1,"target":3,"jsx":1,"allowJs":true,"allowSyntheticDefaultImports":true,"allowNonTsExtensions":true,"noEmitForJsFiles":true,"maxNodeModuleJsDepth":2},"typings":[],"unresolvedImports":["@fortawesome/"],"kind":"action::set"}
[16:24:08.737] Response has been sent.
[16:24:10.159] Got install request {"projectName":"/dev/null/inferredProject1*","fileNames":["/usr/lib/node_modules/typescript/lib/lib.es5.d.ts","/usr/lib/node_modules/typescript/lib/lib.es2015.d.ts","/usr/lib/node_modules/typescript/lib/lib.es2016.d.ts","/usr/lib/node_modules/typescript/lib/lib.dom.d.ts","/usr/lib/node_modules/typescript/lib/lib.dom.iterable.d.ts","/usr/lib/node_modules/typescript/lib/lib.webworker.importscripts.d.ts","/usr/lib/node_modules/typescript/lib/lib.scripthost.d.ts","/usr/lib/node_modules/typescript/lib/lib.es2015.core.d.ts","/usr/lib/node_modules/typescript/lib/lib.es2015.collection.d.ts","/usr/lib/node_modules/typescript/lib/lib.es2015.generator.d.ts","/usr/lib/node_modules/typescript/lib/lib.es2015.iterable.d.ts","/usr/lib/node_modules/typescript/lib/lib.es2015.promise.d.ts","/usr/lib/node_modules/typescript/lib/lib.es2015.proxy.d.ts","/usr/lib/node_modules/typescript/lib/lib.es2015.reflect.d.ts","/usr/lib/node_modules/typescript/lib/lib.es2015.symbol.d.ts","/usr/lib/node_modules/typescript/lib/lib.es2015.symbol.wellknown.d.ts","/usr/lib/node_modules/typescript/lib/lib.es2016.array.include.d.ts","/usr/lib/node_modules/typescript/lib/lib.es2016.full.d.ts","/home/eko/code/321autopflege/src/components/Footer.js"],"compilerOptions":{"module":1,"target":3,"jsx":1,"allowJs":true,"allowSyntheticDefaultImports":true,"allowNonTsExtensions":true,"noEmitForJsFiles":true,"maxNodeModuleJsDepth":2},"typeAcquisition":{"enable":true,"include":[],"exclude":[]},"unresolvedImports":["@fortawesome/fr"],"projectRootPath":"/home/eko/code/321autopflege/src/components","kind":"discover"}
[16:24:10.159] Explicitly included types: []
[16:24:10.159] Inferred typings from unresolved imports: ["@fortawesome/fr"]
[16:24:10.159] Result: {"cachedTypingPaths":[],"newTypingNames":["@fortawesome/fr"],"filesToWatch":["/home/eko/code/321autopflege/src/components/bower_components","/home/eko/code/321autopflege/src/components/node_modules"]}
[16:24:10.159] Finished typings discovery: {"cachedTypingPaths":[],"newTypingNames":["@fortawesome/fr"],"filesToWatch":["/home/eko/code/321autopflege/src/components/bower_components","/home/eko/code/321autopflege/src/components/node_modules"]}
[16:24:10.159] Installing typings ["@fortawesome/fr"]
[16:24:10.159] '@fortawesome/fr':: Entry for package 'fortawesome__fr' does not exist in local types registry - skipping...
[16:24:10.159] All typings are known to be missing or invalid - no need to install more typings
[16:24:10.160] Sending response:
    {"projectName":"/dev/null/inferredProject1*","typeAcquisition":{"enable":true,"include":[],"exclude":[]},"compilerOptions":{"module":1,"target":3,"jsx":1,"allowJs":true,"allowSyntheticDefaultImports":true,"allowNonTsExtensions":true,"noEmitForJsFiles":true,"maxNodeModuleJsDepth":2},"typings":[],"unresolvedImports":["@fortawesome/fr"],"kind":"action::set"}
[16:24:10.160] Response has been sent.
[16:24:10.329] Got install request {"projectName":"/dev/null/inferredProject1*","fileNames":["/usr/lib/node_modules/typescript/lib/lib.es5.d.ts","/usr/lib/node_modules/typescript/lib/lib.es2015.d.ts","/usr/lib/node_modules/typescript/lib/lib.es2016.d.ts","/usr/lib/node_modules/typescript/lib/lib.dom.d.ts","/usr/lib/node_modules/typescript/lib/lib.dom.iterable.d.ts","/usr/lib/node_modules/typescript/lib/lib.webworker.importscripts.d.ts","/usr/lib/node_modules/typescript/lib/lib.scripthost.d.ts","/usr/lib/node_modules/typescript/lib/lib.es2015.core.d.ts","/usr/lib/node_modules/typescript/lib/lib.es2015.collection.d.ts","/usr/lib/node_modules/typescript/lib/lib.es2015.generator.d.ts","/usr/lib/node_modules/typescript/lib/lib.es2015.iterable.d.ts","/usr/lib/node_modules/typescript/lib/lib.es2015.promise.d.ts","/usr/lib/node_modules/typescript/lib/lib.es2015.proxy.d.ts","/usr/lib/node_modules/typescript/lib/lib.es2015.reflect.d.ts","/usr/lib/node_modules/typescript/lib/lib.es2015.symbol.d.ts","/usr/lib/node_modules/typescript/lib/lib.es2015.symbol.wellknown.d.ts","/usr/lib/node_modules/typescript/lib/lib.es2016.array.include.d.ts","/usr/lib/node_modules/typescript/lib/lib.es2016.full.d.ts","/home/eko/code/321autopflege/src/components/Footer.js"],"compilerOptions":{"module":1,"target":3,"jsx":1,"allowJs":true,"allowSyntheticDefaultImports":true,"allowNonTsExtensions":true,"noEmitForJsFiles":true,"maxNodeModuleJsDepth":2},"typeAcquisition":{"enable":true,"include":[],"exclude":[]},"unresolvedImports":["@fortawesome/fre"],"projectRootPath":"/home/eko/code/321autopflege/src/components","kind":"discover"}
[16:24:10.329] Explicitly included types: []
[16:24:10.329] Inferred typings from unresolved imports: ["@fortawesome/fre"]
[16:24:10.329] Result: {"cachedTypingPaths":[],"newTypingNames":["@fortawesome/fre"],"filesToWatch":["/home/eko/code/321autopflege/src/components/bower_components","/home/eko/code/321autopflege/src/components/node_modules"]}
[16:24:10.329] Finished typings discovery: {"cachedTypingPaths":[],"newTypingNames":["@fortawesome/fre"],"filesToWatch":["/home/eko/code/321autopflege/src/components/bower_components","/home/eko/code/321autopflege/src/components/node_modules"]}
[16:24:10.329] Installing typings ["@fortawesome/fre"]
[16:24:10.329] '@fortawesome/fre':: Entry for package 'fortawesome__fre' does not exist in local types registry - skipping...
[16:24:10.329] All typings are known to be missing or invalid - no need to install more typings
[16:24:10.329] Sending response:
    {"projectName":"/dev/null/inferredProject1*","typeAcquisition":{"enable":true,"include":[],"exclude":[]},"compilerOptions":{"module":1,"target":3,"jsx":1,"allowJs":true,"allowSyntheticDefaultImports":true,"allowNonTsExtensions":true,"noEmitForJsFiles":true,"maxNodeModuleJsDepth":2},"typings":[],"unresolvedImports":["@fortawesome/fre"],"kind":"action::set"}
[16:24:10.329] Response has been sent.
[16:24:11.108] Got install request {"projectName":"/dev/null/inferredProject1*","fileNames":["/usr/lib/node_modules/typescript/lib/lib.es5.d.ts","/usr/lib/node_modules/typescript/lib/lib.es2015.d.ts","/usr/lib/node_modules/typescript/lib/lib.es2016.d.ts","/usr/lib/node_modules/typescript/lib/lib.dom.d.ts","/usr/lib/node_modules/typescript/lib/lib.dom.iterable.d.ts","/usr/lib/node_modules/typescript/lib/lib.webworker.importscripts.d.ts","/usr/lib/node_modules/typescript/lib/lib.scripthost.d.ts","/usr/lib/node_modules/typescript/lib/lib.es2015.core.d.ts","/usr/lib/node_modules/typescript/lib/lib.es2015.collection.d.ts","/usr/lib/node_modules/typescript/lib/lib.es2015.generator.d.ts","/usr/lib/node_modules/typescript/lib/lib.es2015.iterable.d.ts","/usr/lib/node_modules/typescript/lib/lib.es2015.promise.d.ts","/usr/lib/node_modules/typescript/lib/lib.es2015.proxy.d.ts","/usr/lib/node_modules/typescript/lib/lib.es2015.reflect.d.ts","/usr/lib/node_modules/typescript/lib/lib.es2015.symbol.d.ts","/usr/lib/node_modules/typescript/lib/lib.es2015.symbol.wellknown.d.ts","/usr/lib/node_modules/typescript/lib/lib.es2016.array.include.d.ts","/usr/lib/node_modules/typescript/lib/lib.es2016.full.d.ts","/home/eko/code/321autopflege/src/components/Footer.js"],"compilerOptions":{"module":1,"target":3,"jsx":1,"allowJs":true,"allowSyntheticDefaultImports":true,"allowNonTsExtensions":true,"noEmitForJsFiles":true,"maxNodeModuleJsDepth":2},"typeAcquisition":{"enable":true,"include":[],"exclude":[]},"unresolvedImports":[],"projectRootPath":"/home/eko/code/321autopflege/src/components","kind":"discover"}
[16:24:11.108] Explicitly included types: []
[16:24:11.108] Inferred typings from unresolved imports: []
[16:24:11.108] Result: {"cachedTypingPaths":[],"newTypingNames":[],"filesToWatch":["/home/eko/code/321autopflege/src/components/bower_components","/home/eko/code/321autopflege/src/components/node_modules"]}
[16:24:11.108] Finished typings discovery: {"cachedTypingPaths":[],"newTypingNames":[],"filesToWatch":["/home/eko/code/321autopflege/src/components/bower_components","/home/eko/code/321autopflege/src/components/node_modules"]}
[16:24:11.109] Sending response:
    {"projectName":"/dev/null/inferredProject1*","typeAcquisition":{"enable":true,"include":[],"exclude":[]},"compilerOptions":{"module":1,"target":3,"jsx":1,"allowJs":true,"allowSyntheticDefaultImports":true,"allowNonTsExtensions":true,"noEmitForJsFiles":true,"maxNodeModuleJsDepth":2},"typings":[],"unresolvedImports":[],"kind":"action::set"}
[16:24:11.109] Response has been sent.
[16:24:11.109] No new typings were requested as a result of typings discovery
[17:23:25.892] Got install request {"projectName":"/dev/null/inferredProject2*","fileNames":["/usr/lib/node_modules/typescript/lib/lib.es5.d.ts","/usr/lib/node_modules/typescript/lib/lib.es2015.d.ts","/usr/lib/node_modules/typescript/lib/lib.es2016.d.ts","/usr/lib/node_modules/typescript/lib/lib.dom.d.ts","/usr/lib/node_modules/typescript/lib/lib.dom.iterable.d.ts","/usr/lib/node_modules/typescript/lib/lib.webworker.importscripts.d.ts","/usr/lib/node_modules/typescript/lib/lib.scripthost.d.ts","/usr/lib/node_modules/typescript/lib/lib.es2015.core.d.ts","/usr/lib/node_modules/typescript/lib/lib.es2015.collection.d.ts","/usr/lib/node_modules/typescript/lib/lib.es2015.generator.d.ts","/usr/lib/node_modules/typescript/lib/lib.es2015.iterable.d.ts","/usr/lib/node_modules/typescript/lib/lib.es2015.promise.d.ts","/usr/lib/node_modules/typescript/lib/lib.es2015.proxy.d.ts","/usr/lib/node_modules/typescript/lib/lib.es2015.reflect.d.ts","/usr/lib/node_modules/typescript/lib/lib.es2015.symbol.d.ts","/usr/lib/node_modules/typescript/lib/lib.es2015.symbol.wellknown.d.ts","/usr/lib/node_modules/typescript/lib/lib.es2016.array.include.d.ts","/usr/lib/node_modules/typescript/lib/lib.es2016.full.d.ts","/home/eko/code/321autopflege/src/components/ComingSoon.js"],"compilerOptions":{"module":1,"target":3,"jsx":1,"allowJs":true,"allowSyntheticDefaultImports":true,"allowNonTsExtensions":true,"noEmitForJsFiles":true,"maxNodeModuleJsDepth":2},"typeAcquisition":{"enable":true,"include":[],"exclude":[]},"unresolvedImports":["react-ty"],"projectRootPath":"/home/eko/code/321autopflege/src/components","kind":"discover"}
[17:23:25.893] Explicitly included types: []
[17:23:25.893] Inferred typings from unresolved imports: ["react-ty"]
[17:23:25.893] Result: {"cachedTypingPaths":[],"newTypingNames":["react-ty"],"filesToWatch":["/home/eko/code/321autopflege/src/components/bower_components","/home/eko/code/321autopflege/src/components/node_modules"]}
[17:23:25.893] Finished typings discovery: {"cachedTypingPaths":[],"newTypingNames":["react-ty"],"filesToWatch":["/home/eko/code/321autopflege/src/components/bower_components","/home/eko/code/321autopflege/src/components/node_modules"]}
[17:23:25.893] DirectoryWatcher:: Added:: WatchInfo: /home/eko/code/321autopflege/src/components/bower_components
[17:23:25.893] DirectoryWatcher:: Added:: WatchInfo: /home/eko/code/321autopflege/src/components/bower_components 1 undefined Project: /dev/null/inferredProject2* watcher already invoked: false
[17:23:25.893] Elapsed:: 0.038323044776916504ms DirectoryWatcher:: Added:: WatchInfo: /home/eko/code/321autopflege/src/components/bower_components 1 undefined Project: /dev/null/inferredProject2* watcher already invoked: false
[17:23:25.893] DirectoryWatcher:: Added:: WatchInfo: /home/eko/code/321autopflege/src/components/node_modules
[17:23:25.893] DirectoryWatcher:: Added:: WatchInfo: /home/eko/code/321autopflege/src/components/node_modules 1 undefined Project: /dev/null/inferredProject2* watcher already invoked: false
[17:23:25.893] Elapsed:: 0.01600700616836548ms DirectoryWatcher:: Added:: WatchInfo: /home/eko/code/321autopflege/src/components/node_modules 1 undefined Project: /dev/null/inferredProject2* watcher already invoked: false
[17:23:25.893] Installing typings ["react-ty"]
[17:23:25.894] 'react-ty':: Entry for package 'react-ty' does not exist in local types registry - skipping...
[17:23:25.894] All typings are known to be missing or invalid - no need to install more typings
[17:23:25.894] Sending response:
    {"projectName":"/dev/null/inferredProject2*","typeAcquisition":{"enable":true,"include":[],"exclude":[]},"compilerOptions":{"module":1,"target":3,"jsx":1,"allowJs":true,"allowSyntheticDefaultImports":true,"allowNonTsExtensions":true,"noEmitForJsFiles":true,"maxNodeModuleJsDepth":2},"typings":[],"unresolvedImports":["react-ty"],"kind":"action::set"}
[17:23:25.894] Response has been sent.
[17:23:26.773] Got install request {"projectName":"/dev/null/inferredProject2*","fileNames":["/usr/lib/node_modules/typescript/lib/lib.es5.d.ts","/usr/lib/node_modules/typescript/lib/lib.es2015.d.ts","/usr/lib/node_modules/typescript/lib/lib.es2016.d.ts","/usr/lib/node_modules/typescript/lib/lib.dom.d.ts","/usr/lib/node_modules/typescript/lib/lib.dom.iterable.d.ts","/usr/lib/node_modules/typescript/lib/lib.webworker.importscripts.d.ts","/usr/lib/node_modules/typescript/lib/lib.scripthost.d.ts","/usr/lib/node_modules/typescript/lib/lib.es2015.core.d.ts","/usr/lib/node_modules/typescript/lib/lib.es2015.collection.d.ts","/usr/lib/node_modules/typescript/lib/lib.es2015.generator.d.ts","/usr/lib/node_modules/typescript/lib/lib.es2015.iterable.d.ts","/usr/lib/node_modules/typescript/lib/lib.es2015.promise.d.ts","/usr/lib/node_modules/typescript/lib/lib.es2015.proxy.d.ts","/usr/lib/node_modules/typescript/lib/lib.es2015.reflect.d.ts","/usr/lib/node_modules/typescript/lib/lib.es2015.symbol.d.ts","/usr/lib/node_modules/typescript/lib/lib.es2015.symbol.wellknown.d.ts","/usr/lib/node_modules/typescript/lib/lib.es2016.array.include.d.ts","/usr/lib/node_modules/typescript/lib/lib.es2016.full.d.ts","/home/eko/code/321autopflege/src/components/ComingSoon.js"],"compilerOptions":{"module":1,"target":3,"jsx":1,"allowJs":true,"allowSyntheticDefaultImports":true,"allowNonTsExtensions":true,"noEmitForJsFiles":true,"maxNodeModuleJsDepth":2},"typeAcquisition":{"enable":true,"include":[],"exclude":[]},"unresolvedImports":["react-typ"],"projectRootPath":"/home/eko/code/321autopflege/src/components","kind":"discover"}
[17:23:26.773] Explicitly included types: []
[17:23:26.773] Inferred typings from unresolved imports: ["react-typ"]
[17:23:26.773] Result: {"cachedTypingPaths":[],"newTypingNames":["react-typ"],"filesToWatch":["/home/eko/code/321autopflege/src/components/bower_components","/home/eko/code/321autopflege/src/components/node_modules"]}
[17:23:26.773] Finished typings discovery: {"cachedTypingPaths":[],"newTypingNames":["react-typ"],"filesToWatch":["/home/eko/code/321autopflege/src/components/bower_components","/home/eko/code/321autopflege/src/components/node_modules"]}
[17:23:26.773] Installing typings ["react-typ"]
[17:23:26.773] 'react-typ':: Entry for package 'react-typ' does not exist in local types registry - skipping...
[17:23:26.773] All typings are known to be missing or invalid - no need to install more typings
[17:23:26.773] Sending response:
    {"projectName":"/dev/null/inferredProject2*","typeAcquisition":{"enable":true,"include":[],"exclude":[]},"compilerOptions":{"module":1,"target":3,"jsx":1,"allowJs":true,"allowSyntheticDefaultImports":true,"allowNonTsExtensions":true,"noEmitForJsFiles":true,"maxNodeModuleJsDepth":2},"typings":[],"unresolvedImports":["react-typ"],"kind":"action::set"}
[17:23:26.774] Response has been sent.
[17:23:27.751] Got install request {"projectName":"/dev/null/inferredProject2*","fileNames":["/usr/lib/node_modules/typescript/lib/lib.es5.d.ts","/usr/lib/node_modules/typescript/lib/lib.es2015.d.ts","/usr/lib/node_modules/typescript/lib/lib.es2016.d.ts","/usr/lib/node_modules/typescript/lib/lib.dom.d.ts","/usr/lib/node_modules/typescript/lib/lib.dom.iterable.d.ts","/usr/lib/node_modules/typescript/lib/lib.webworker.importscripts.d.ts","/usr/lib/node_modules/typescript/lib/lib.scripthost.d.ts","/usr/lib/node_modules/typescript/lib/lib.es2015.core.d.ts","/usr/lib/node_modules/typescript/lib/lib.es2015.collection.d.ts","/usr/lib/node_modules/typescript/lib/lib.es2015.generator.d.ts","/usr/lib/node_modules/typescript/lib/lib.es2015.iterable.d.ts","/usr/lib/node_modules/typescript/lib/lib.es2015.promise.d.ts","/usr/lib/node_modules/typescript/lib/lib.es2015.proxy.d.ts","/usr/lib/node_modules/typescript/lib/lib.es2015.reflect.d.ts","/usr/lib/node_modules/typescript/lib/lib.es2015.symbol.d.ts","/usr/lib/node_modules/typescript/lib/lib.es2015.symbol.wellknown.d.ts","/usr/lib/node_modules/typescript/lib/lib.es2016.array.include.d.ts","/usr/lib/node_modules/typescript/lib/lib.es2016.full.d.ts","/home/eko/code/321autopflege/src/components/ComingSoon.js"],"compilerOptions":{"module":1,"target":3,"jsx":1,"allowJs":true,"allowSyntheticDefaultImports":true,"allowNonTsExtensions":true,"noEmitForJsFiles":true,"maxNodeModuleJsDepth":2},"typeAcquisition":{"enable":true,"include":[],"exclude":[]},"unresolvedImports":["react-type-animation"],"projectRootPath":"/home/eko/code/321autopflege/src/components","kind":"discover"}
[17:23:27.751] Explicitly included types: []
[17:23:27.751] Inferred typings from unresolved imports: ["react-type-animation"]
[17:23:27.751] Result: {"cachedTypingPaths":[],"newTypingNames":["react-type-animation"],"filesToWatch":["/home/eko/code/321autopflege/src/components/bower_components","/home/eko/code/321autopflege/src/components/node_modules"]}
[17:23:27.752] Finished typings discovery: {"cachedTypingPaths":[],"newTypingNames":["react-type-animation"],"filesToWatch":["/home/eko/code/321autopflege/src/components/bower_components","/home/eko/code/321autopflege/src/components/node_modules"]}
[17:23:27.752] Installing typings ["react-type-animation"]
[17:23:27.752] Npm config file: /home/eko/.cache/typescript/4.7/package.json
[17:23:27.752] Sending response:
    {"kind":"event::beginInstallTypes","eventId":1,"typingsInstallerVersion":"4.7.2","projectName":"/dev/null/inferredProject2*"}
[17:23:27.752] Response has been sent.
[17:23:27.752] #1 with arguments'["@types/react-type-animation@ts4.7"]'.
[17:23:27.753] Exec: /usr/bin/npm install --ignore-scripts @types/react-type-animation@ts4.7 --save-dev --user-agent="typesInstaller/4.7.2"
[17:23:29.428]     Succeeded. stdout:
    
    added 5 packages, and audited 7 packages in 2s

found 0 vulnerabilities

[17:23:29.429] npm install #1 took: 1677 ms
[17:23:29.429] Installed typings ["@types/react-type-animation@ts4.7"]
[17:23:29.433] Installed typing files ["/home/eko/.cache/typescript/4.7/node_modules/@types/react-type-animation/index.d.ts"]
[17:23:29.433] Sending response:
    {"projectName":"/dev/null/inferredProject2*","typeAcquisition":{"enable":true,"include":[],"exclude":[]},"compilerOptions":{"module":1,"target":3,"jsx":1,"allowJs":true,"allowSyntheticDefaultImports":true,"allowNonTsExtensions":true,"noEmitForJsFiles":true,"maxNodeModuleJsDepth":2},"typings":["/home/eko/.cache/typescript/4.7/node_modules/@types/react-type-animation/index.d.ts"],"unresolvedImports":["react-type-animation"],"kind":"action::set"}
[17:23:29.433] Response has been sent.
[17:23:29.433] Sending response:
    {"kind":"event::endInstallTypes","eventId":1,"projectName":"/dev/null/inferredProject2*","packagesToInstall":["@types/react-type-animation@ts4.7"],"installSuccess":true,"typingsInstallerVersion":"4.7.2"}
[17:23:29.433] Response has been sent.
[17:23:29.971] Got install request {"projectName":"/dev/null/inferredProject2*","fileNames":["/usr/lib/node_modules/typescript/lib/lib.es5.d.ts","/usr/lib/node_modules/typescript/lib/lib.es2015.d.ts","/usr/lib/node_modules/typescript/lib/lib.es2016.d.ts","/usr/lib/node_modules/typescript/lib/lib.dom.d.ts","/usr/lib/node_modules/typescript/lib/lib.dom.iterable.d.ts","/usr/lib/node_modules/typescript/lib/lib.webworker.importscripts.d.ts","/usr/lib/node_modules/typescript/lib/lib.scripthost.d.ts","/usr/lib/node_modules/typescript/lib/lib.es2015.core.d.ts","/usr/lib/node_modules/typescript/lib/lib.es2015.collection.d.ts","/usr/lib/node_modules/typescript/lib/lib.es2015.generator.d.ts","/usr/lib/node_modules/typescript/lib/lib.es2015.iterable.d.ts","/usr/lib/node_modules/typescript/lib/lib.es2015.promise.d.ts","/usr/lib/node_modules/typescript/lib/lib.es2015.proxy.d.ts","/usr/lib/node_modules/typescript/lib/lib.es2015.reflect.d.ts","/usr/lib/node_modules/typescript/lib/lib.es2015.symbol.d.ts","/usr/lib/node_modules/typescript/lib/lib.es2015.symbol.wellknown.d.ts","/usr/lib/node_modules/typescript/lib/lib.es2016.array.include.d.ts","/usr/lib/node_modules/typescript/lib/lib.es2016.full.d.ts","/home/eko/.cache/typescript/4.7/node_modules/@types/react-type-animation/index.d.ts","/home/eko/code/321autopflege/src/components/ComingSoon.js"],"compilerOptions":{"module":1,"target":3,"jsx":1,"allowJs":true,"allowSyntheticDefaultImports":true,"allowNonTsExtensions":true,"noEmitForJsFiles":true,"maxNodeModuleJsDepth":2},"typeAcquisition":{"enable":true,"include":[],"exclude":[]},"unresolvedImports":[],"projectRootPath":"/home/eko/code/321autopflege/src/components","kind":"discover"}
[17:23:29.971] Explicitly included types: []
[17:23:29.971] Inferred typings from unresolved imports: []
[17:23:29.971] Result: {"cachedTypingPaths":[],"newTypingNames":[],"filesToWatch":["/home/eko/code/321autopflege/src/components/bower_components","/home/eko/code/321autopflege/src/components/node_modules"]}
[17:23:29.971] Finished typings discovery: {"cachedTypingPaths":[],"newTypingNames":[],"filesToWatch":["/home/eko/code/321autopflege/src/components/bower_components","/home/eko/code/321autopflege/src/components/node_modules"]}
[17:23:29.971] Sending response:
    {"projectName":"/dev/null/inferredProject2*","typeAcquisition":{"enable":true,"include":[],"exclude":[]},"compilerOptions":{"module":1,"target":3,"jsx":1,"allowJs":true,"allowSyntheticDefaultImports":true,"allowNonTsExtensions":true,"noEmitForJsFiles":true,"maxNodeModuleJsDepth":2},"typings":[],"unresolvedImports":[],"kind":"action::set"}
[17:23:29.972] Response has been sent.
[17:23:29.972] No new typings were requested as a result of typings discovery
[17:23:30.355] Got install request {"projectName":"/dev/null/inferredProject2*","fileNames":["/usr/lib/node_modules/typescript/lib/lib.es5.d.ts","/usr/lib/node_modules/typescript/lib/lib.es2015.d.ts","/usr/lib/node_modules/typescript/lib/lib.es2016.d.ts","/usr/lib/node_modules/typescript/lib/lib.dom.d.ts","/usr/lib/node_modules/typescript/lib/lib.dom.iterable.d.ts","/usr/lib/node_modules/typescript/lib/lib.webworker.importscripts.d.ts","/usr/lib/node_modules/typescript/lib/lib.scripthost.d.ts","/usr/lib/node_modules/typescript/lib/lib.es2015.core.d.ts","/usr/lib/node_modules/typescript/lib/lib.es2015.collection.d.ts","/usr/lib/node_modules/typescript/lib/lib.es2015.generator.d.ts","/usr/lib/node_modules/typescript/lib/lib.es2015.iterable.d.ts","/usr/lib/node_modules/typescript/lib/lib.es2015.promise.d.ts","/usr/lib/node_modules/typescript/lib/lib.es2015.proxy.d.ts","/usr/lib/node_modules/typescript/lib/lib.es2015.reflect.d.ts","/usr/lib/node_modules/typescript/lib/lib.es2015.symbol.d.ts","/usr/lib/node_modules/typescript/lib/lib.es2015.symbol.wellknown.d.ts","/usr/lib/node_modules/typescript/lib/lib.es2016.array.include.d.ts","/usr/lib/node_modules/typescript/lib/lib.es2016.full.d.ts","/home/eko/code/321autopflege/src/components/ComingSoon.js"],"compilerOptions":{"module":1,"target":3,"jsx":1,"allowJs":true,"allowSyntheticDefaultImports":true,"allowNonTsExtensions":true,"noEmitForJsFiles":true,"maxNodeModuleJsDepth":2},"typeAcquisition":{"enable":true,"include":[],"exclude":[]},"unresolvedImports":[],"projectRootPath":"/home/eko/code/321autopflege/src/components","kind":"discover"}
[17:23:30.356] Explicitly included types: []
[17:23:30.356] Inferred typings from unresolved imports: []
[17:23:30.356] Result: {"cachedTypingPaths":[],"newTypingNames":[],"filesToWatch":["/home/eko/code/321autopflege/src/components/bower_components","/home/eko/code/321autopflege/src/components/node_modules"]}
[17:23:30.356] Finished typings discovery: {"cachedTypingPaths":[],"newTypingNames":[],"filesToWatch":["/home/eko/code/321autopflege/src/components/bower_components","/home/eko/code/321autopflege/src/components/node_modules"]}
[17:23:30.356] Sending response:
    {"projectName":"/dev/null/inferredProject2*","typeAcquisition":{"enable":true,"include":[],"exclude":[]},"compilerOptions":{"module":1,"target":3,"jsx":1,"allowJs":true,"allowSyntheticDefaultImports":true,"allowNonTsExtensions":true,"noEmitForJsFiles":true,"maxNodeModuleJsDepth":2},"typings":[],"unresolvedImports":[],"kind":"action::set"}
[17:23:30.356] Response has been sent.
[17:23:30.356] No new typings were requested as a result of typings discovery
